0 verbose cli /data/data/com.termux/files/usr/bin/node /data/data/com.termux/files/usr/lib/node_modules/npm/bin/npm-cli.js
1 info using npm@11.6.0
2 info using node@v24.9.0
3 silly config load:file:/data/data/com.termux/files/usr/lib/node_modules/npm/npmrc
4 silly config load:file:/data/data/com.termux/files/home/deimon_apk/.npmrc
5 silly config load:file:/data/data/com.termux/files/home/.npmrc
6 silly config load:file:/data/data/com.termux/files/usr/etc/npmrc
7 verbose title npm exec pwabuilder init --manifest https://shaggy0397.github.io/Pwa-app11/manifest.json
8 verbose argv "exec" "--" "pwabuilder" "init" "--manifest" "https://shaggy0397.github.io/Pwa-app11/manifest.json"
9 verbose logfile logs-max:10 dir:/data/data/com.termux/files/home/.npm/_logs/2025-10-11T07_44_32_303Z-
10 verbose logfile /data/data/com.termux/files/home/.npm/_logs/2025-10-11T07_44_32_303Z-debug-0.log
11 silly logfile start cleaning logs, removing 1 files
12 silly logfile done cleaning log files
13 silly packumentCache heap:1061158912 maxSize:265289728 maxEntrySize:132644864
14 http fetch GET 200 https://registry.npmjs.org/pwabuilder 2888ms (cache revalidated)
15 silly packumentCache heap:1061158912 maxSize:265289728 maxEntrySize:132644864
16 silly packumentCache heap:1061158912 maxSize:265289728 maxEntrySize:132644864
17 verbose cwd /data/data/com.termux/files/home/deimon_apk
18 verbose os Linux 4.14.186+
19 verbose node v24.9.0
20 verbose npm  v11.6.0
21 verbose exit 0
22 info ok
