0 verbose cli /data/data/com.termux/files/usr/bin/node /data/data/com.termux/files/usr/bin/npm
1 info using npm@11.6.0
2 info using node@v24.9.0
3 silly config load:file:/data/data/com.termux/files/usr/lib/node_modules/npm/npmrc
4 silly config load:file:/storage/emulated/0/app11/Shaggy0397GithubIo/cordova/.npmrc
5 silly config load:file:/data/data/com.termux/files/home/.npmrc
6 silly config load:file:/data/data/com.termux/files/usr/etc/npmrc
7 verbose title npm ls
8 verbose argv "ls" "--depth" "0"
9 verbose logfile logs-max:10 dir:/data/data/com.termux/files/home/.npm/_logs/2025-10-11T07_24_30_381Z-
10 verbose logfile /data/data/com.termux/files/home/.npm/_logs/2025-10-11T07_24_30_381Z-debug-0.log
11 silly logfile start cleaning logs, removing 1 files
12 silly packumentCache heap:1061158912 maxSize:265289728 maxEntrySize:132644864
13 silly logfile done cleaning log files
14 verbose cwd /storage/emulated/0/app11/Shaggy0397GithubIo/cordova/node_modules
15 verbose os Linux 4.14.186+
16 verbose node v24.9.0
17 verbose npm  v11.6.0
18 verbose exit 0
19 info ok
