0 verbose cli /data/data/com.termux/files/usr/bin/node /data/data/com.termux/files/usr/lib/node_modules/npm/bin/npm-cli.js
1 info using npm@11.5.1
2 info using node@v24.7.0
3 silly config load:file:/data/data/com.termux/files/usr/lib/node_modules/npm/npmrc
4 silly config load:file:/data/data/com.termux/files/home/inventario--hielo-ontiveros/inventario--hielo-ontiveros/inventario--hielo-ontiveros/.npmrc
5 silly config load:file:/data/data/com.termux/files/home/.npmrc
6 silly config load:file:/data/data/com.termux/files/usr/etc/npmrc
7 verbose title npm exec serve .
8 verbose argv "exec" "--" "serve" "."
9 verbose logfile logs-max:10 dir:/data/data/com.termux/files/home/.npm/_logs/2025-09-21T08_32_54_275Z-
10 verbose logfile /data/data/com.termux/files/home/.npm/_logs/2025-09-21T08_32_54_275Z-debug-0.log
11 silly logfile start cleaning logs, removing 1 files
12 silly logfile done cleaning log files
13 verbose cwd /data/data/com.termux/files/home/inventario--hielo-ontiveros/inventario--hielo-ontiveros/inventario--hielo-ontiveros
14 verbose os Linux 4.14.186+
15 verbose node v24.7.0
16 verbose npm  v11.5.1
17 verbose exit 1
18 verbose code 1
19 error A complete log of this run can be found in: /data/data/com.termux/files/home/.npm/_logs/2025-09-21T08_32_54_275Z-debug-0.log
