0 verbose cli /data/data/com.termux/files/usr/bin/node /data/data/com.termux/files/usr/bin/npm
1 info using npm@11.5.1
2 info using node@v24.7.0
3 silly config load:file:/data/data/com.termux/files/usr/lib/node_modules/npm/npmrc
4 silly config load:file:/data/data/com.termux/files/home/.npmrc
5 silly config load:file:/data/data/com.termux/files/usr/etc/npmrc
6 verbose title npm install http-server
7 verbose argv "install" "--global" "http-server"
8 verbose logfile logs-max:10 dir:/data/data/com.termux/files/home/.npm/_logs/2025-09-26T14_29_23_143Z-
9 verbose logfile /data/data/com.termux/files/home/.npm/_logs/2025-09-26T14_29_23_143Z-debug-0.log
10 silly packumentCache heap:1061158912 maxSize:265289728 maxEntrySize:132644864
11 silly logfile start cleaning logs, removing 1 files
12 silly logfile done cleaning log files
13 silly idealTree buildDeps
14 silly fetch manifest http-server@*
15 silly packumentCache full:https://registry.npmjs.org/http-server cache-miss
16 http fetch GET 200 https://registry.npmjs.org/http-server 304ms (cache revalidated)
17 silly packumentCache full:https://registry.npmjs.org/http-server set size:133770 disposed:false
18 silly placeDep ROOT http-server@14.1.1 OK for:  want: *
19 silly fetch manifest he@^1.2.0
20 silly packumentCache full:https://registry.npmjs.org/he cache-miss
21 silly fetch manifest mime@^1.6.0
22 silly packumentCache full:https://registry.npmjs.org/mime cache-miss
23 silly fetch manifest chalk@^4.1.2
24 silly packumentCache full:https://registry.npmjs.org/chalk cache-miss
25 silly fetch manifest union@~0.5.0
26 silly packumentCache full:https://registry.npmjs.org/union cache-miss
27 silly fetch manifest corser@^2.0.1
28 silly packumentCache full:https://registry.npmjs.org/corser cache-miss
29 silly fetch manifest opener@^1.5.1
30 silly packumentCache full:https://registry.npmjs.org/opener cache-miss
31 silly fetch manifest minimist@^1.2.6
32 silly packumentCache full:https://registry.npmjs.org/minimist cache-miss
33 http fetch GET 200 https://registry.npmjs.org/union 89ms (cache revalidated)
34 silly packumentCache full:https://registry.npmjs.org/union set size:49652 disposed:false
35 silly fetch manifest url-join@^4.0.1
36 silly packumentCache full:https://registry.npmjs.org/url-join cache-miss
37 http fetch GET 200 https://registry.npmjs.org/url-join 105ms (cache revalidated)
38 silly packumentCache full:https://registry.npmjs.org/url-join set size:22958 disposed:false
39 silly fetch manifest basic-auth@^2.0.1
40 silly packumentCache full:https://registry.npmjs.org/basic-auth cache-miss
41 http fetch GET 200 https://registry.npmjs.org/mime 210ms (cache revalidated)
42 silly packumentCache full:https://registry.npmjs.org/mime set size:119236 disposed:false
43 silly fetch manifest http-proxy@^1.18.1
44 silly packumentCache full:https://registry.npmjs.org/http-proxy cache-miss
45 http fetch GET 200 https://registry.npmjs.org/opener 217ms (cache revalidated)
46 silly packumentCache full:https://registry.npmjs.org/opener set size:21206 disposed:false
47 silly fetch manifest portfinder@^1.0.28
48 silly packumentCache full:https://registry.npmjs.org/portfinder cache-miss
49 http fetch GET 200 https://registry.npmjs.org/he 238ms (cache revalidated)
50 silly packumentCache full:https://registry.npmjs.org/he set size:58773 disposed:false
51 silly fetch manifest secure-compare@3.0.1
52 silly packumentCache full:https://registry.npmjs.org/secure-compare cache-miss
53 http fetch GET 200 https://registry.npmjs.org/corser 234ms (cache revalidated)
54 silly packumentCache full:https://registry.npmjs.org/corser set size:22714 disposed:false
55 silly fetch manifest html-encoding-sniffer@^3.0.0
56 silly packumentCache full:https://registry.npmjs.org/html-encoding-sniffer cache-miss
57 http fetch GET 200 https://registry.npmjs.org/minimist 263ms (cache revalidated)
58 silly packumentCache full:https://registry.npmjs.org/minimist set size:77097 disposed:false
59 http fetch GET 200 https://registry.npmjs.org/chalk 277ms (cache revalidated)
60 silly packumentCache full:https://registry.npmjs.org/chalk set size:117859 disposed:false
61 http fetch GET 200 https://registry.npmjs.org/http-proxy 93ms (cache revalidated)
62 silly packumentCache full:https://registry.npmjs.org/http-proxy set size:183156 disposed:false
63 http fetch GET 200 https://registry.npmjs.org/basic-auth 110ms (cache revalidated)
64 silly packumentCache full:https://registry.npmjs.org/basic-auth set size:21757 disposed:false
65 http fetch GET 200 https://registry.npmjs.org/portfinder 92ms (cache revalidated)
66 silly packumentCache full:https://registry.npmjs.org/portfinder set size:92930 disposed:false
67 http fetch GET 200 https://registry.npmjs.org/html-encoding-sniffer 86ms (cache revalidated)
68 silly packumentCache full:https://registry.npmjs.org/html-encoding-sniffer set size:18552 disposed:false
69 http fetch GET 200 https://registry.npmjs.org/secure-compare 98ms (cache revalidated)
70 silly packumentCache full:https://registry.npmjs.org/secure-compare set size:3978 disposed:false
71 silly placeDep node_modules/http-server basic-auth@2.0.1 OK for: http-server@14.1.1 want: ^2.0.1
72 silly placeDep node_modules/http-server chalk@4.1.2 OK for: http-server@14.1.1 want: ^4.1.2
73 silly placeDep node_modules/http-server corser@2.0.1 OK for: http-server@14.1.1 want: ^2.0.1
74 silly placeDep node_modules/http-server he@1.2.0 OK for: http-server@14.1.1 want: ^1.2.0
75 silly placeDep node_modules/http-server html-encoding-sniffer@3.0.0 OK for: http-server@14.1.1 want: ^3.0.0
76 silly placeDep node_modules/http-server http-proxy@1.18.1 OK for: http-server@14.1.1 want: ^1.18.1
77 silly placeDep node_modules/http-server mime@1.6.0 OK for: http-server@14.1.1 want: ^1.6.0
78 silly placeDep node_modules/http-server minimist@1.2.8 OK for: http-server@14.1.1 want: ^1.2.6
79 silly placeDep node_modules/http-server opener@1.5.2 OK for: http-server@14.1.1 want: ^1.5.1
80 silly placeDep node_modules/http-server portfinder@1.0.38 OK for: http-server@14.1.1 want: ^1.0.28
81 silly placeDep node_modules/http-server secure-compare@3.0.1 OK for: http-server@14.1.1 want: 3.0.1
82 silly placeDep node_modules/http-server union@0.5.0 OK for: http-server@14.1.1 want: ~0.5.0
83 silly placeDep node_modules/http-server url-join@4.0.1 OK for: http-server@14.1.1 want: ^4.0.1
84 silly fetch manifest safe-buffer@5.1.2
85 silly packumentCache full:https://registry.npmjs.org/safe-buffer cache-miss
86 silly fetch manifest ansi-styles@^4.1.0
87 silly packumentCache full:https://registry.npmjs.org/ansi-styles cache-miss
88 silly fetch manifest supports-color@^7.1.0
89 silly packumentCache full:https://registry.npmjs.org/supports-color cache-miss
90 silly fetch manifest whatwg-encoding@^2.0.0
91 silly packumentCache full:https://registry.npmjs.org/whatwg-encoding cache-miss
92 silly fetch manifest eventemitter3@^4.0.0
93 silly packumentCache full:https://registry.npmjs.org/eventemitter3 cache-miss
94 silly fetch manifest requires-port@^1.0.0
95 silly packumentCache full:https://registry.npmjs.org/requires-port cache-miss
96 silly fetch manifest follow-redirects@^1.0.0
97 silly packumentCache full:https://registry.npmjs.org/follow-redirects cache-miss
98 http fetch GET 200 https://registry.npmjs.org/safe-buffer 156ms (cache revalidated)
99 silly packumentCache full:https://registry.npmjs.org/safe-buffer set size:41183 disposed:false
100 silly fetch manifest async@^3.2.6
101 silly packumentCache full:https://registry.npmjs.org/async cache-miss
102 http fetch GET 200 https://registry.npmjs.org/eventemitter3 161ms (cache revalidated)
103 silly packumentCache full:https://registry.npmjs.org/eventemitter3 set size:86060 disposed:false
104 silly fetch manifest debug@^4.3.6
105 silly packumentCache full:https://registry.npmjs.org/debug cache-miss
106 http fetch GET 200 https://registry.npmjs.org/requires-port 172ms (cache revalidated)
107 silly packumentCache full:https://registry.npmjs.org/requires-port set size:8110 disposed:false
108 silly fetch manifest qs@^6.4.0
109 silly packumentCache full:https://registry.npmjs.org/qs cache-miss
110 http fetch GET 200 https://registry.npmjs.org/ansi-styles 182ms (cache revalidated)
111 silly packumentCache full:https://registry.npmjs.org/ansi-styles set size:63233 disposed:false
112 http fetch GET 200 https://registry.npmjs.org/supports-color 190ms (cache revalidated)
113 silly packumentCache full:https://registry.npmjs.org/supports-color set size:118680 disposed:false
114 http fetch GET 200 https://registry.npmjs.org/follow-redirects 212ms (cache revalidated)
115 silly packumentCache full:https://registry.npmjs.org/follow-redirects set size:186700 disposed:false
116 http fetch GET 200 https://registry.npmjs.org/whatwg-encoding 255ms (cache revalidated)
117 silly packumentCache full:https://registry.npmjs.org/whatwg-encoding set size:24764 disposed:false
118 http fetch GET 200 https://registry.npmjs.org/async 133ms (cache revalidated)
119 silly packumentCache full:https://registry.npmjs.org/async set size:230496 disposed:false
120 http fetch GET 200 https://registry.npmjs.org/debug 143ms (cache revalidated)
121 silly packumentCache full:https://registry.npmjs.org/debug set size:195840 disposed:false
122 http fetch GET 200 https://registry.npmjs.org/qs 158ms (cache revalidated)
123 silly packumentCache full:https://registry.npmjs.org/qs set size:264677 disposed:false
124 silly placeDep node_modules/http-server safe-buffer@5.1.2 OK for: basic-auth@2.0.1 want: 5.1.2
125 silly placeDep node_modules/http-server ansi-styles@4.3.0 OK for: chalk@4.1.2 want: ^4.1.0
126 silly placeDep node_modules/http-server supports-color@7.2.0 OK for: chalk@4.1.2 want: ^7.1.0
127 silly fetch manifest color-convert@^2.0.1
128 silly packumentCache full:https://registry.npmjs.org/color-convert cache-miss
129 silly fetch manifest has-flag@^4.0.0
130 silly packumentCache full:https://registry.npmjs.org/has-flag cache-miss
131 http fetch GET 200 https://registry.npmjs.org/has-flag 87ms (cache revalidated)
132 silly packumentCache full:https://registry.npmjs.org/has-flag set size:15180 disposed:false
133 http fetch GET 200 https://registry.npmjs.org/color-convert 105ms (cache revalidated)
134 silly packumentCache full:https://registry.npmjs.org/color-convert set size:70744 disposed:false
135 silly placeDep node_modules/http-server color-convert@2.0.1 OK for: ansi-styles@4.3.0 want: ^2.0.1
136 silly fetch manifest color-name@~1.1.4
137 silly packumentCache full:https://registry.npmjs.org/color-name cache-miss
138 http fetch GET 200 https://registry.npmjs.org/color-name 85ms (cache revalidated)
139 silly packumentCache full:https://registry.npmjs.org/color-name set size:17921 disposed:false
140 silly placeDep node_modules/http-server color-name@1.1.4 OK for: color-convert@2.0.1 want: ~1.1.4
141 silly placeDep node_modules/http-server whatwg-encoding@2.0.0 OK for: html-encoding-sniffer@3.0.0 want: ^2.0.0
142 silly fetch manifest iconv-lite@0.6.3
143 silly packumentCache full:https://registry.npmjs.org/iconv-lite cache-miss
144 http fetch GET 200 https://registry.npmjs.org/iconv-lite 191ms (cache revalidated)
145 silly packumentCache full:https://registry.npmjs.org/iconv-lite set size:118890 disposed:false
146 silly placeDep node_modules/http-server eventemitter3@4.0.7 OK for: http-proxy@1.18.1 want: ^4.0.0
147 silly placeDep node_modules/http-server follow-redirects@1.15.11 OK for: http-proxy@1.18.1 want: ^1.0.0
148 silly placeDep node_modules/http-server requires-port@1.0.0 OK for: http-proxy@1.18.1 want: ^1.0.0
149 silly placeDep node_modules/http-server async@3.2.6 OK for: portfinder@1.0.38 want: ^3.2.6
150 silly placeDep node_modules/http-server debug@4.4.3 OK for: portfinder@1.0.38 want: ^4.3.6
151 silly fetch manifest ms@^2.1.3
152 silly packumentCache full:https://registry.npmjs.org/ms cache-miss
153 http fetch GET 200 https://registry.npmjs.org/ms 71ms (cache revalidated)
154 silly packumentCache full:https://registry.npmjs.org/ms set size:92208 disposed:false
155 silly placeDep node_modules/http-server ms@2.1.3 OK for: debug@4.4.3 want: ^2.1.3
156 silly placeDep node_modules/http-server has-flag@4.0.0 OK for: supports-color@7.2.0 want: ^4.0.0
157 silly placeDep node_modules/http-server qs@6.14.0 OK for: union@0.5.0 want: ^6.4.0
158 silly fetch manifest side-channel@^1.1.0
159 silly packumentCache full:https://registry.npmjs.org/side-channel cache-miss
160 http fetch GET 200 https://registry.npmjs.org/side-channel 94ms (cache revalidated)
161 silly packumentCache full:https://registry.npmjs.org/side-channel set size:24660 disposed:false
162 silly placeDep node_modules/http-server side-channel@1.1.0 OK for: qs@6.14.0 want: ^1.1.0
163 silly fetch manifest es-errors@^1.3.0
164 silly packumentCache full:https://registry.npmjs.org/es-errors cache-miss
165 silly fetch manifest object-inspect@^1.13.3
166 silly packumentCache full:https://registry.npmjs.org/object-inspect cache-miss
167 silly fetch manifest side-channel-list@^1.0.0
168 silly packumentCache full:https://registry.npmjs.org/side-channel-list cache-miss
169 silly fetch manifest side-channel-map@^1.0.1
170 silly packumentCache full:https://registry.npmjs.org/side-channel-map cache-miss
171 silly fetch manifest side-channel-weakmap@^1.0.2
172 silly packumentCache full:https://registry.npmjs.org/side-channel-weakmap cache-miss
173 http fetch GET 200 https://registry.npmjs.org/es-errors 121ms (cache revalidated)
174 silly packumentCache full:https://registry.npmjs.org/es-errors set size:16918 disposed:false
175 http fetch GET 200 https://registry.npmjs.org/side-channel-list 125ms (cache revalidated)
176 silly packumentCache full:https://registry.npmjs.org/side-channel-list set size:6005 disposed:false
177 http fetch GET 200 https://registry.npmjs.org/object-inspect 130ms (cache revalidated)
178 silly packumentCache full:https://registry.npmjs.org/object-inspect set size:101912 disposed:false
179 http fetch GET 200 https://registry.npmjs.org/side-channel-map 147ms (cache revalidated)
180 silly packumentCache full:https://registry.npmjs.org/side-channel-map set size:9126 disposed:false
181 http fetch GET 200 https://registry.npmjs.org/side-channel-weakmap 152ms (cache revalidated)
182 silly packumentCache full:https://registry.npmjs.org/side-channel-weakmap set size:12620 disposed:false
183 silly placeDep node_modules/http-server es-errors@1.3.0 OK for: side-channel@1.1.0 want: ^1.3.0
184 silly placeDep node_modules/http-server object-inspect@1.13.4 OK for: side-channel@1.1.0 want: ^1.13.3
185 silly placeDep node_modules/http-server side-channel-list@1.0.0 OK for: side-channel@1.1.0 want: ^1.0.0
186 silly placeDep node_modules/http-server side-channel-map@1.0.1 OK for: side-channel@1.1.0 want: ^1.0.1
187 silly placeDep node_modules/http-server side-channel-weakmap@1.0.2 OK for: side-channel@1.1.0 want: ^1.0.2
188 silly fetch manifest call-bound@^1.0.2
189 silly packumentCache full:https://registry.npmjs.org/call-bound cache-miss
190 silly fetch manifest get-intrinsic@^1.2.5
191 silly packumentCache full:https://registry.npmjs.org/get-intrinsic cache-miss
192 silly fetch manifest call-bound@^1.0.2
193 silly packumentCache full:https://registry.npmjs.org/call-bound cache-miss
194 silly fetch manifest get-intrinsic@^1.2.5
195 silly packumentCache full:https://registry.npmjs.org/get-intrinsic cache-miss
196 http fetch GET 200 https://registry.npmjs.org/get-intrinsic 154ms (cache revalidated)
197 silly packumentCache full:https://registry.npmjs.org/get-intrinsic set size:57687 disposed:false
198 http fetch GET 200 https://registry.npmjs.org/get-intrinsic 164ms (cache revalidated)
199 silly packumentCache full:https://registry.npmjs.org/get-intrinsic set size:57687 disposed:false
200 silly packumentCache full:https://registry.npmjs.org/get-intrinsic dispose
201 http fetch GET 200 https://registry.npmjs.org/call-bound 168ms (cache revalidated)
202 silly packumentCache full:https://registry.npmjs.org/call-bound set size:15317 disposed:false
203 http fetch GET 200 https://registry.npmjs.org/call-bound 192ms (cache revalidated)
204 silly packumentCache full:https://registry.npmjs.org/call-bound set size:15317 disposed:false
205 silly packumentCache full:https://registry.npmjs.org/call-bound dispose
206 silly placeDep node_modules/http-server call-bound@1.0.4 OK for: side-channel-map@1.0.1 want: ^1.0.2
207 silly placeDep node_modules/http-server get-intrinsic@1.3.0 OK for: side-channel-map@1.0.1 want: ^1.2.5
208 silly fetch manifest call-bind-apply-helpers@^1.0.2
209 silly packumentCache full:https://registry.npmjs.org/call-bind-apply-helpers cache-miss
210 silly fetch manifest get-intrinsic@^1.3.0
211 silly packumentCache full:https://registry.npmjs.org/get-intrinsic cache-hit
212 silly fetch manifest call-bind-apply-helpers@^1.0.2
213 silly packumentCache full:https://registry.npmjs.org/call-bind-apply-helpers cache-miss
214 silly fetch manifest es-define-property@^1.0.1
215 silly packumentCache full:https://registry.npmjs.org/es-define-property cache-miss
216 silly fetch manifest es-object-atoms@^1.1.1
217 silly packumentCache full:https://registry.npmjs.org/es-object-atoms cache-miss
218 silly fetch manifest function-bind@^1.1.2
219 silly packumentCache full:https://registry.npmjs.org/function-bind cache-miss
220 silly fetch manifest get-proto@^1.0.1
221 silly packumentCache full:https://registry.npmjs.org/get-proto cache-miss
222 silly fetch manifest gopd@^1.2.0
223 silly packumentCache full:https://registry.npmjs.org/gopd cache-miss
224 http fetch GET 200 https://registry.npmjs.org/call-bind-apply-helpers 102ms (cache revalidated)
225 silly packumentCache full:https://registry.npmjs.org/call-bind-apply-helpers set size:12744 disposed:false
226 silly fetch manifest has-symbols@^1.1.0
227 silly packumentCache full:https://registry.npmjs.org/has-symbols cache-miss
228 http fetch GET 200 https://registry.npmjs.org/function-bind 102ms (cache revalidated)
229 silly packumentCache full:https://registry.npmjs.org/function-bind set size:15733 disposed:false
230 silly fetch manifest hasown@^2.0.2
231 silly packumentCache full:https://registry.npmjs.org/hasown cache-miss
232 http fetch GET 200 https://registry.npmjs.org/es-define-property 123ms (cache revalidated)
233 silly packumentCache full:https://registry.npmjs.org/es-define-property set size:8542 disposed:false
234 silly fetch manifest math-intrinsics@^1.1.0
235 silly packumentCache full:https://registry.npmjs.org/math-intrinsics cache-miss
236 http fetch GET 200 https://registry.npmjs.org/call-bind-apply-helpers 144ms (cache revalidated)
237 silly packumentCache full:https://registry.npmjs.org/call-bind-apply-helpers set size:12744 disposed:false
238 silly packumentCache full:https://registry.npmjs.org/call-bind-apply-helpers dispose
239 http fetch GET 200 https://registry.npmjs.org/es-object-atoms 139ms (cache revalidated)
240 silly packumentCache full:https://registry.npmjs.org/es-object-atoms set size:15304 disposed:false
241 http fetch GET 200 https://registry.npmjs.org/get-proto 138ms (cache revalidated)
242 silly packumentCache full:https://registry.npmjs.org/get-proto set size:8300 disposed:false
243 http fetch GET 200 https://registry.npmjs.org/gopd 144ms (cache revalidated)
244 silly packumentCache full:https://registry.npmjs.org/gopd set size:11458 disposed:false
245 http fetch GET 200 https://registry.npmjs.org/hasown 71ms (cache revalidated)
246 silly packumentCache full:https://registry.npmjs.org/hasown set size:12476 disposed:false
247 http fetch GET 200 https://registry.npmjs.org/has-symbols 80ms (cache revalidated)
248 silly packumentCache full:https://registry.npmjs.org/has-symbols set size:21550 disposed:false
249 http fetch GET 200 https://registry.npmjs.org/math-intrinsics 96ms (cache revalidated)
250 silly packumentCache full:https://registry.npmjs.org/math-intrinsics set size:9265 disposed:false
251 silly placeDep node_modules/http-server call-bind-apply-helpers@1.0.2 OK for: call-bound@1.0.4 want: ^1.0.2
252 silly placeDep node_modules/http-server function-bind@1.1.2 OK for: call-bind-apply-helpers@1.0.2 want: ^1.1.2
253 silly placeDep node_modules/http-server es-define-property@1.0.1 OK for: get-intrinsic@1.3.0 want: ^1.0.1
254 silly placeDep node_modules/http-server es-object-atoms@1.1.1 OK for: get-intrinsic@1.3.0 want: ^1.1.1
255 silly placeDep node_modules/http-server get-proto@1.0.1 OK for: get-intrinsic@1.3.0 want: ^1.0.1
256 silly placeDep node_modules/http-server gopd@1.2.0 OK for: get-intrinsic@1.3.0 want: ^1.2.0
257 silly placeDep node_modules/http-server has-symbols@1.1.0 OK for: get-intrinsic@1.3.0 want: ^1.1.0
258 silly placeDep node_modules/http-server hasown@2.0.2 OK for: get-intrinsic@1.3.0 want: ^2.0.2
259 silly placeDep node_modules/http-server math-intrinsics@1.1.0 OK for: get-intrinsic@1.3.0 want: ^1.1.0
260 silly fetch manifest dunder-proto@^1.0.1
261 silly packumentCache full:https://registry.npmjs.org/dunder-proto cache-miss
262 http fetch GET 200 https://registry.npmjs.org/dunder-proto 92ms (cache revalidated)
263 silly packumentCache full:https://registry.npmjs.org/dunder-proto set size:8256 disposed:false
264 silly placeDep node_modules/http-server dunder-proto@1.0.1 OK for: get-proto@1.0.1 want: ^1.0.1
265 silly placeDep node_modules/http-server iconv-lite@0.6.3 OK for: whatwg-encoding@2.0.0 want: 0.6.3
266 silly fetch manifest safer-buffer@>= 2.1.2 < 3.0.0
267 silly packumentCache full:https://registry.npmjs.org/safer-buffer cache-miss
268 http fetch GET 200 https://registry.npmjs.org/safer-buffer 173ms (cache revalidated)
269 silly packumentCache full:https://registry.npmjs.org/safer-buffer set size:18521 disposed:false
270 silly placeDep node_modules/http-server safer-buffer@2.1.2 OK for: iconv-lite@0.6.3 want: >= 2.1.2 < 3.0.0
271 silly reify mark retired [
271 silly reify   '/data/data/com.termux/files/usr/lib/node_modules/http-server',
271 silly reify   '/data/data/com.termux/files/usr/bin/http-server'
271 silly reify ]
272 silly reify moves {
272 silly reify   '/data/data/com.termux/files/usr/lib/node_modules/http-server': '/data/data/com.termux/files/usr/lib/node_modules/.http-server-BPsZaV6C',
272 silly reify   '/data/data/com.termux/files/usr/bin/http-server': '/data/data/com.termux/files/usr/bin/.http-server-H3ppnh7J'
272 silly reify }
273 http cache http-server@https://registry.npmjs.org/http-server/-/http-server-14.1.1.tgz 0ms (cache hit)
274 http cache url-join@https://registry.npmjs.org/url-join/-/url-join-4.0.1.tgz 0ms (cache hit)
275 http cache whatwg-encoding@https://registry.npmjs.org/whatwg-encoding/-/whatwg-encoding-2.0.0.tgz 0ms (cache hit)
276 http cache union@https://registry.npmjs.org/union/-/union-0.5.0.tgz 1ms (cache hit)
277 http cache supports-color@https://registry.npmjs.org/supports-color/-/supports-color-7.2.0.tgz 0ms (cache hit)
278 http cache requires-port@https://registry.npmjs.org/requires-port/-/requires-port-1.0.0.tgz 0ms (cache hit)
279 http cache side-channel-weakmap@https://registry.npmjs.org/side-channel-weakmap/-/side-channel-weakmap-1.0.2.tgz 0ms (cache hit)
280 http cache side-channel-map@https://registry.npmjs.org/side-channel-map/-/side-channel-map-1.0.1.tgz 0ms (cache hit)
281 http cache secure-compare@https://registry.npmjs.org/secure-compare/-/secure-compare-3.0.1.tgz 0ms (cache hit)
282 http cache side-channel-list@https://registry.npmjs.org/side-channel-list/-/side-channel-list-1.0.0.tgz 0ms (cache hit)
283 http cache side-channel@https://registry.npmjs.org/side-channel/-/side-channel-1.1.0.tgz 0ms (cache hit)
284 http cache safer-buffer@https://registry.npmjs.org/safer-buffer/-/safer-buffer-2.1.2.tgz 0ms (cache hit)
285 http cache safe-buffer@https://registry.npmjs.org/safe-buffer/-/safe-buffer-5.1.2.tgz 0ms (cache hit)
286 http cache portfinder@https://registry.npmjs.org/portfinder/-/portfinder-1.0.38.tgz 0ms (cache hit)
287 http cache qs@https://registry.npmjs.org/qs/-/qs-6.14.0.tgz 0ms (cache hit)
288 http cache opener@https://registry.npmjs.org/opener/-/opener-1.5.2.tgz 0ms (cache hit)
289 http cache ms@https://registry.npmjs.org/ms/-/ms-2.1.3.tgz 0ms (cache hit)
290 http cache object-inspect@https://registry.npmjs.org/object-inspect/-/object-inspect-1.13.4.tgz 0ms (cache hit)
291 http cache minimist@https://registry.npmjs.org/minimist/-/minimist-1.2.8.tgz 0ms (cache hit)
292 http cache math-intrinsics@https://registry.npmjs.org/math-intrinsics/-/math-intrinsics-1.1.0.tgz 0ms (cache hit)
293 http cache mime@https://registry.npmjs.org/mime/-/mime-1.6.0.tgz 1ms (cache hit)
294 http cache iconv-lite@https://registry.npmjs.org/iconv-lite/-/iconv-lite-0.6.3.tgz 0ms (cache hit)
295 http cache html-encoding-sniffer@https://registry.npmjs.org/html-encoding-sniffer/-/html-encoding-sniffer-3.0.0.tgz 0ms (cache hit)
296 http cache http-proxy@https://registry.npmjs.org/http-proxy/-/http-proxy-1.18.1.tgz 0ms (cache hit)
297 http cache he@https://registry.npmjs.org/he/-/he-1.2.0.tgz 0ms (cache hit)
298 http cache hasown@https://registry.npmjs.org/hasown/-/hasown-2.0.2.tgz 0ms (cache hit)
299 http cache has-symbols@https://registry.npmjs.org/has-symbols/-/has-symbols-1.1.0.tgz 0ms (cache hit)
300 http cache has-flag@https://registry.npmjs.org/has-flag/-/has-flag-4.0.0.tgz 0ms (cache hit)
301 http cache get-proto@https://registry.npmjs.org/get-proto/-/get-proto-1.0.1.tgz 0ms (cache hit)
302 http cache function-bind@https://registry.npmjs.org/function-bind/-/function-bind-1.1.2.tgz 0ms (cache hit)
303 http cache gopd@https://registry.npmjs.org/gopd/-/gopd-1.2.0.tgz 0ms (cache hit)
304 http cache get-intrinsic@https://registry.npmjs.org/get-intrinsic/-/get-intrinsic-1.3.0.tgz 0ms (cache hit)
305 http cache eventemitter3@https://registry.npmjs.org/eventemitter3/-/eventemitter3-4.0.7.tgz 0ms (cache hit)
306 http cache es-object-atoms@https://registry.npmjs.org/es-object-atoms/-/es-object-atoms-1.1.1.tgz 1ms (cache hit)
307 http cache follow-redirects@https://registry.npmjs.org/follow-redirects/-/follow-redirects-1.15.11.tgz 0ms (cache hit)
308 http cache es-errors@https://registry.npmjs.org/es-errors/-/es-errors-1.3.0.tgz 1ms (cache hit)
309 http cache es-define-property@https://registry.npmjs.org/es-define-property/-/es-define-property-1.0.1.tgz 0ms (cache hit)
310 http cache dunder-proto@https://registry.npmjs.org/dunder-proto/-/dunder-proto-1.0.1.tgz 0ms (cache hit)
311 http cache debug@https://registry.npmjs.org/debug/-/debug-4.4.3.tgz 0ms (cache hit)
312 http cache corser@https://registry.npmjs.org/corser/-/corser-2.0.1.tgz 0ms (cache hit)
313 http cache chalk@https://registry.npmjs.org/chalk/-/chalk-4.1.2.tgz 0ms (cache hit)
314 http cache color-name@https://registry.npmjs.org/color-name/-/color-name-1.1.4.tgz 0ms (cache hit)
315 http cache color-convert@https://registry.npmjs.org/color-convert/-/color-convert-2.0.1.tgz 0ms (cache hit)
316 http cache async@https://registry.npmjs.org/async/-/async-3.2.6.tgz 0ms (cache hit)
317 http cache call-bind-apply-helpers@https://registry.npmjs.org/call-bind-apply-helpers/-/call-bind-apply-helpers-1.0.2.tgz 0ms (cache hit)
318 http cache call-bound@https://registry.npmjs.org/call-bound/-/call-bound-1.0.4.tgz 0ms (cache hit)
319 http cache ansi-styles@https://registry.npmjs.org/ansi-styles/-/ansi-styles-4.3.0.tgz 0ms (cache hit)
320 http cache basic-auth@https://registry.npmjs.org/basic-auth/-/basic-auth-2.0.1.tgz 0ms (cache hit)
321 silly CHANGE node_modules/http-server
322 silly CHANGE node_modules/http-server/node_modules/whatwg-encoding
323 silly CHANGE node_modules/http-server/node_modules/url-join
324 silly CHANGE node_modules/http-server/node_modules/union
325 silly CHANGE node_modules/http-server/node_modules/supports-color
326 silly CHANGE node_modules/http-server/node_modules/requires-port
327 silly CHANGE node_modules/http-server/node_modules/side-channel-weakmap
328 silly CHANGE node_modules/http-server/node_modules/side-channel-map
329 silly CHANGE node_modules/http-server/node_modules/secure-compare
330 silly CHANGE node_modules/http-server/node_modules/side-channel-list
331 silly CHANGE node_modules/http-server/node_modules/side-channel
332 silly CHANGE node_modules/http-server/node_modules/safer-buffer
333 silly CHANGE node_modules/http-server/node_modules/safe-buffer
334 silly CHANGE node_modules/http-server/node_modules/portfinder
335 silly CHANGE node_modules/http-server/node_modules/qs
336 silly CHANGE node_modules/http-server/node_modules/opener
337 silly CHANGE node_modules/http-server/node_modules/ms
338 silly CHANGE node_modules/http-server/node_modules/object-inspect
339 silly CHANGE node_modules/http-server/node_modules/minimist
340 silly CHANGE node_modules/http-server/node_modules/math-intrinsics
341 silly CHANGE node_modules/http-server/node_modules/mime
342 silly CHANGE node_modules/http-server/node_modules/iconv-lite
343 silly CHANGE node_modules/http-server/node_modules/html-encoding-sniffer
344 silly CHANGE node_modules/http-server/node_modules/http-proxy
345 silly CHANGE node_modules/http-server/node_modules/he
346 silly CHANGE node_modules/http-server/node_modules/hasown
347 silly CHANGE node_modules/http-server/node_modules/has-symbols
348 silly CHANGE node_modules/http-server/node_modules/has-flag
349 silly CHANGE node_modules/http-server/node_modules/get-proto
350 silly CHANGE node_modules/http-server/node_modules/function-bind
351 silly CHANGE node_modules/http-server/node_modules/gopd
352 silly CHANGE node_modules/http-server/node_modules/get-intrinsic
353 silly CHANGE node_modules/http-server/node_modules/eventemitter3
354 silly CHANGE node_modules/http-server/node_modules/es-object-atoms
355 silly CHANGE node_modules/http-server/node_modules/follow-redirects
356 silly CHANGE node_modules/http-server/node_modules/es-errors
357 silly CHANGE node_modules/http-server/node_modules/es-define-property
358 silly CHANGE node_modules/http-server/node_modules/dunder-proto
359 silly CHANGE node_modules/http-server/node_modules/debug
360 silly CHANGE node_modules/http-server/node_modules/corser
361 silly CHANGE node_modules/http-server/node_modules/chalk
362 silly CHANGE node_modules/http-server/node_modules/color-name
363 silly CHANGE node_modules/http-server/node_modules/color-convert
364 silly CHANGE node_modules/http-server/node_modules/async
365 silly CHANGE node_modules/http-server/node_modules/call-bind-apply-helpers
366 silly CHANGE node_modules/http-server/node_modules/call-bound
367 silly CHANGE node_modules/http-server/node_modules/ansi-styles
368 silly CHANGE node_modules/http-server/node_modules/basic-auth
369 verbose cwd /data/data/com.termux/files/home/gracias-glacia
370 verbose os Linux 4.14.186+
371 verbose node v24.7.0
372 verbose npm  v11.5.1
373 verbose exit 0
374 info ok
