0 verbose cli /data/data/com.termux/files/usr/bin/node /data/data/com.termux/files/usr/bin/npm
1 info using npm@11.5.1
2 info using node@v24.7.0
3 silly config load:file:/data/data/com.termux/files/usr/lib/node_modules/npm/npmrc
4 silly config load:file:/data/data/com.termux/files/home/.npmrc
5 silly config load:file:/data/data/com.termux/files/usr/etc/npmrc
6 verbose title npm install serve
7 verbose argv "install" "--global" "serve"
8 verbose logfile logs-max:10 dir:/data/data/com.termux/files/home/.npm/_logs/2025-10-02T01_05_26_294Z-
9 verbose logfile /data/data/com.termux/files/home/.npm/_logs/2025-10-02T01_05_26_294Z-debug-0.log
10 silly packumentCache heap:1061158912 maxSize:265289728 maxEntrySize:132644864
11 silly logfile start cleaning logs, removing 1 files
12 silly logfile done cleaning log files
13 silly idealTree buildDeps
14 silly fetch manifest serve@*
15 silly packumentCache full:https://registry.npmjs.org/serve cache-miss
16 http fetch GET 200 https://registry.npmjs.org/serve 771ms (cache revalidated)
17 silly packumentCache full:https://registry.npmjs.org/serve set size:471121 disposed:false
18 silly placeDep ROOT serve@14.2.5 OK for:  want: *
19 silly fetch manifest ajv@8.12.0
20 silly packumentCache full:https://registry.npmjs.org/ajv cache-miss
21 silly fetch manifest arg@5.0.2
22 silly packumentCache full:https://registry.npmjs.org/arg cache-miss
23 silly fetch manifest boxen@7.0.0
24 silly packumentCache full:https://registry.npmjs.org/boxen cache-miss
25 silly fetch manifest chalk@5.0.1
26 silly packumentCache full:https://registry.npmjs.org/chalk cache-miss
27 silly fetch manifest clipboardy@3.0.0
28 silly packumentCache full:https://registry.npmjs.org/clipboardy cache-miss
29 silly fetch manifest compression@1.8.1
30 silly packumentCache full:https://registry.npmjs.org/compression cache-miss
31 silly fetch manifest update-check@1.5.4
32 silly packumentCache full:https://registry.npmjs.org/update-check cache-miss
33 http fetch GET 200 https://registry.npmjs.org/ajv 144ms (cache revalidated)
34 silly packumentCache full:https://registry.npmjs.org/ajv set size:1126055 disposed:false
35 silly fetch manifest @zeit/schemas@2.36.0
36 silly packumentCache full:https://registry.npmjs.org/@zeit%2fschemas cache-miss
37 http fetch GET 200 https://registry.npmjs.org/update-check 1262ms (cache revalidated)
38 silly packumentCache full:https://registry.npmjs.org/update-check set size:34153 disposed:false
39 silly fetch manifest serve-handler@6.1.6
40 silly packumentCache full:https://registry.npmjs.org/serve-handler cache-miss
41 http fetch GET 200 https://registry.npmjs.org/boxen 1273ms (cache revalidated)
42 silly packumentCache full:https://registry.npmjs.org/boxen set size:96237 disposed:false
43 silly fetch manifest chalk-template@0.4.0
44 silly packumentCache full:https://registry.npmjs.org/chalk-template cache-miss
45 http fetch GET 200 https://registry.npmjs.org/@zeit%2fschemas 1112ms (cache revalidated)
46 silly packumentCache full:https://registry.npmjs.org/@zeit%2fschemas set size:273271 disposed:false
47 silly fetch manifest is-port-reachable@4.0.0
48 silly packumentCache full:https://registry.npmjs.org/is-port-reachable cache-miss
49 http fetch GET 200 https://registry.npmjs.org/chalk 1315ms (cache revalidated)
50 silly packumentCache full:https://registry.npmjs.org/chalk set size:117859 disposed:false
51 http fetch GET 200 https://registry.npmjs.org/compression 1319ms (cache revalidated)
52 silly packumentCache full:https://registry.npmjs.org/compression set size:98467 disposed:false
53 http fetch GET 200 https://registry.npmjs.org/clipboardy 1327ms (cache updated)
54 silly packumentCache full:https://registry.npmjs.org/clipboardy set size:undefined disposed:false
55 http fetch GET 200 https://registry.npmjs.org/arg 1334ms (cache revalidated)
56 silly packumentCache full:https://registry.npmjs.org/arg set size:67204 disposed:false
57 http fetch GET 200 https://registry.npmjs.org/is-port-reachable 137ms (cache revalidated)
58 silly packumentCache full:https://registry.npmjs.org/is-port-reachable set size:15623 disposed:false
59 http fetch GET 200 https://registry.npmjs.org/serve-handler 167ms (cache revalidated)
60 silly packumentCache full:https://registry.npmjs.org/serve-handler set size:242425 disposed:false
61 http fetch GET 200 https://registry.npmjs.org/chalk-template 173ms (cache revalidated)
62 silly packumentCache full:https://registry.npmjs.org/chalk-template set size:24846 disposed:false
63 silly placeDep node_modules/serve @zeit/schemas@2.36.0 OK for: serve@14.2.5 want: 2.36.0
64 silly placeDep node_modules/serve ajv@8.12.0 OK for: serve@14.2.5 want: 8.12.0
65 silly placeDep node_modules/serve arg@5.0.2 OK for: serve@14.2.5 want: 5.0.2
66 silly placeDep node_modules/serve boxen@7.0.0 OK for: serve@14.2.5 want: 7.0.0
67 silly placeDep node_modules/serve chalk@5.0.1 OK for: serve@14.2.5 want: 5.0.1
68 silly placeDep node_modules/serve chalk-template@0.4.0 OK for: serve@14.2.5 want: 0.4.0
69 silly placeDep node_modules/serve clipboardy@3.0.0 OK for: serve@14.2.5 want: 3.0.0
70 silly placeDep node_modules/serve compression@1.8.1 OK for: serve@14.2.5 want: 1.8.1
71 silly placeDep node_modules/serve is-port-reachable@4.0.0 OK for: serve@14.2.5 want: 4.0.0
72 silly placeDep node_modules/serve serve-handler@6.1.6 OK for: serve@14.2.5 want: 6.1.6
73 silly placeDep node_modules/serve update-check@1.5.4 OK for: serve@14.2.5 want: 1.5.4
74 silly fetch manifest uri-js@^4.2.2
75 silly packumentCache full:https://registry.npmjs.org/uri-js cache-miss
76 silly fetch manifest fast-deep-equal@^3.1.1
77 silly packumentCache full:https://registry.npmjs.org/fast-deep-equal cache-miss
78 silly fetch manifest require-from-string@^2.0.2
79 silly packumentCache full:https://registry.npmjs.org/require-from-string cache-miss
80 silly fetch manifest json-schema-traverse@^1.0.0
81 silly packumentCache full:https://registry.npmjs.org/json-schema-traverse cache-miss
82 silly fetch manifest chalk@^5.0.1
83 silly packumentCache full:https://registry.npmjs.org/chalk cache-hit
84 silly fetch manifest camelcase@^7.0.0
85 silly packumentCache full:https://registry.npmjs.org/camelcase cache-miss
86 silly fetch manifest cli-boxes@^3.0.0
87 silly packumentCache full:https://registry.npmjs.org/cli-boxes cache-miss
88 silly fetch manifest type-fest@^2.13.0
89 silly packumentCache full:https://registry.npmjs.org/type-fest cache-miss
90 http fetch GET 200 https://registry.npmjs.org/require-from-string 210ms (cache revalidated)
91 silly packumentCache full:https://registry.npmjs.org/require-from-string set size:15128 disposed:false
92 silly fetch manifest wrap-ansi@^8.0.1
93 silly packumentCache full:https://registry.npmjs.org/wrap-ansi cache-miss
94 http fetch GET 200 https://registry.npmjs.org/fast-deep-equal 218ms (cache revalidated)
95 silly packumentCache full:https://registry.npmjs.org/fast-deep-equal set size:48634 disposed:false
96 silly fetch manifest ansi-align@^3.0.1
97 silly packumentCache full:https://registry.npmjs.org/ansi-align cache-miss
98 http fetch GET 200 https://registry.npmjs.org/uri-js 229ms (cache revalidated)
99 silly packumentCache full:https://registry.npmjs.org/uri-js set size:42559 disposed:false
100 silly fetch manifest widest-line@^4.0.1
101 silly packumentCache full:https://registry.npmjs.org/widest-line cache-miss
102 http fetch GET 200 https://registry.npmjs.org/cli-boxes 231ms (cache revalidated)
103 silly packumentCache full:https://registry.npmjs.org/cli-boxes set size:19853 disposed:false
104 silly fetch manifest string-width@^5.1.2
105 silly packumentCache full:https://registry.npmjs.org/string-width cache-miss
106 http fetch GET 200 https://registry.npmjs.org/json-schema-traverse 244ms (cache revalidated)
107 silly packumentCache full:https://registry.npmjs.org/json-schema-traverse set size:23537 disposed:false
108 silly fetch manifest chalk@^4.1.2
109 silly packumentCache full:https://registry.npmjs.org/chalk cache-hit
110 silly fetch manifest arch@^2.2.0
111 silly packumentCache full:https://registry.npmjs.org/arch cache-miss
112 http fetch GET 200 https://registry.npmjs.org/camelcase 253ms (cache revalidated)
113 silly packumentCache full:https://registry.npmjs.org/camelcase set size:57059 disposed:false
114 silly fetch manifest execa@^5.1.1
115 silly packumentCache full:https://registry.npmjs.org/execa cache-miss
116 http fetch GET 200 https://registry.npmjs.org/type-fest 264ms (cache revalidated)
117 silly packumentCache full:https://registry.npmjs.org/type-fest set size:531794 disposed:false
118 silly fetch manifest is-wsl@^2.2.0
119 silly packumentCache full:https://registry.npmjs.org/is-wsl cache-miss
120 http fetch GET 200 https://registry.npmjs.org/wrap-ansi 187ms (cache revalidated)
121 silly packumentCache full:https://registry.npmjs.org/wrap-ansi set size:51195 disposed:false
122 silly fetch manifest bytes@3.1.2
123 silly packumentCache full:https://registry.npmjs.org/bytes cache-miss
124 http fetch GET 200 https://registry.npmjs.org/is-wsl 104ms (cache revalidated)
125 silly packumentCache full:https://registry.npmjs.org/is-wsl set size:18741 disposed:false
126 silly fetch manifest compressible@~2.0.18
127 silly packumentCache full:https://registry.npmjs.org/compressible cache-miss
128 http fetch GET 200 https://registry.npmjs.org/widest-line 193ms (cache revalidated)
129 silly packumentCache full:https://registry.npmjs.org/widest-line set size:21166 disposed:false
130 silly fetch manifest debug@2.6.9
131 silly packumentCache full:https://registry.npmjs.org/debug cache-miss
132 http fetch GET 200 https://registry.npmjs.org/string-width 192ms (cache revalidated)
133 silly packumentCache full:https://registry.npmjs.org/string-width set size:64158 disposed:false
134 silly fetch manifest negotiator@~0.6.4
135 silly packumentCache full:https://registry.npmjs.org/negotiator cache-miss
136 http fetch GET 200 https://registry.npmjs.org/ansi-align 239ms (cache revalidated)
137 silly packumentCache full:https://registry.npmjs.org/ansi-align set size:13890 disposed:false
138 silly fetch manifest on-headers@~1.1.0
139 silly packumentCache full:https://registry.npmjs.org/on-headers cache-miss
140 http fetch GET 200 https://registry.npmjs.org/arch 220ms (cache revalidated)
141 silly packumentCache full:https://registry.npmjs.org/arch set size:23416 disposed:false
142 silly fetch manifest safe-buffer@5.2.1
143 silly packumentCache full:https://registry.npmjs.org/safe-buffer cache-miss
144 http fetch GET 200 https://registry.npmjs.org/execa 217ms (cache revalidated)
145 silly packumentCache full:https://registry.npmjs.org/execa set size:177243 disposed:false
146 silly fetch manifest vary@~1.1.2
147 silly packumentCache full:https://registry.npmjs.org/vary cache-miss
148 http fetch GET 200 https://registry.npmjs.org/bytes 258ms (cache revalidated)
149 silly packumentCache full:https://registry.npmjs.org/bytes set size:37018 disposed:false
150 silly fetch manifest bytes@3.0.0
151 silly packumentCache full:https://registry.npmjs.org/bytes cache-hit
152 silly fetch manifest minimatch@3.1.2
153 silly packumentCache full:https://registry.npmjs.org/minimatch cache-miss
154 http fetch GET 200 https://registry.npmjs.org/negotiator 231ms (cache revalidated)
155 silly packumentCache full:https://registry.npmjs.org/negotiator set size:48046 disposed:false
156 silly fetch manifest mime-types@2.1.18
157 silly packumentCache full:https://registry.npmjs.org/mime-types cache-miss
158 http fetch GET 200 https://registry.npmjs.org/on-headers 217ms (cache revalidated)
159 silly packumentCache full:https://registry.npmjs.org/on-headers set size:13226 disposed:false
160 silly fetch manifest range-parser@1.2.0
161 silly packumentCache full:https://registry.npmjs.org/range-parser cache-miss
162 http fetch GET 200 https://registry.npmjs.org/debug 263ms (cache revalidated)
163 silly packumentCache full:https://registry.npmjs.org/debug set size:195840 disposed:false
164 silly fetch manifest path-is-inside@1.0.2
165 silly packumentCache full:https://registry.npmjs.org/path-is-inside cache-miss
166 http fetch GET 200 https://registry.npmjs.org/compressible 306ms (cache revalidated)
167 silly packumentCache full:https://registry.npmjs.org/compressible set size:61733 disposed:false
168 silly fetch manifest path-to-regexp@3.3.0
169 silly packumentCache full:https://registry.npmjs.org/path-to-regexp cache-miss
170 http fetch GET 200 https://registry.npmjs.org/safe-buffer 249ms (cache revalidated)
171 silly packumentCache full:https://registry.npmjs.org/safe-buffer set size:41183 disposed:false
172 silly fetch manifest content-disposition@0.5.2
173 silly packumentCache full:https://registry.npmjs.org/content-disposition cache-miss
174 http fetch GET 200 https://registry.npmjs.org/vary 238ms (cache revalidated)
175 silly packumentCache full:https://registry.npmjs.org/vary set size:16018 disposed:false
176 silly fetch manifest registry-auth-token@3.3.2
177 silly packumentCache full:https://registry.npmjs.org/registry-auth-token cache-miss
178 http fetch GET 200 https://registry.npmjs.org/range-parser 181ms (cache revalidated)
179 silly packumentCache full:https://registry.npmjs.org/range-parser set size:22228 disposed:false
180 silly fetch manifest registry-url@3.1.0
181 silly packumentCache full:https://registry.npmjs.org/registry-url cache-miss
182 http fetch GET 200 https://registry.npmjs.org/minimatch 209ms (cache revalidated)
183 silly packumentCache full:https://registry.npmjs.org/minimatch set size:298903 disposed:false
184 http fetch GET 200 https://registry.npmjs.org/mime-types 235ms (cache revalidated)
185 silly packumentCache full:https://registry.npmjs.org/mime-types set size:136716 disposed:false
186 http fetch GET 200 https://registry.npmjs.org/path-to-regexp 211ms (cache revalidated)
187 silly packumentCache full:https://registry.npmjs.org/path-to-regexp set size:207142 disposed:false
188 http fetch GET 200 https://registry.npmjs.org/registry-auth-token 209ms (cache revalidated)
189 silly packumentCache full:https://registry.npmjs.org/registry-auth-token set size:62354 disposed:false
190 http fetch GET 200 https://registry.npmjs.org/path-is-inside 246ms (cache revalidated)
191 silly packumentCache full:https://registry.npmjs.org/path-is-inside set size:6732 disposed:false
192 http fetch GET 200 https://registry.npmjs.org/content-disposition 238ms (cache revalidated)
193 silly packumentCache full:https://registry.npmjs.org/content-disposition set size:26893 disposed:false
194 http fetch GET 200 https://registry.npmjs.org/registry-url 179ms (cache revalidated)
195 silly packumentCache full:https://registry.npmjs.org/registry-url set size:35136 disposed:false
196 silly placeDep node_modules/serve fast-deep-equal@3.1.3 OK for: ajv@8.12.0 want: ^3.1.1
197 silly placeDep node_modules/serve json-schema-traverse@1.0.0 OK for: ajv@8.12.0 want: ^1.0.0
198 silly placeDep node_modules/serve require-from-string@2.0.2 OK for: ajv@8.12.0 want: ^2.0.2
199 silly placeDep node_modules/serve uri-js@4.4.1 OK for: ajv@8.12.0 want: ^4.2.2
200 silly fetch manifest punycode@^2.1.0
201 silly packumentCache full:https://registry.npmjs.org/punycode cache-miss
202 http fetch GET 200 https://registry.npmjs.org/punycode 89ms (cache revalidated)
203 silly packumentCache full:https://registry.npmjs.org/punycode set size:61302 disposed:false
204 silly placeDep node_modules/serve ansi-align@3.0.1 OK for: boxen@7.0.0 want: ^3.0.1
205 silly placeDep node_modules/serve camelcase@7.0.1 OK for: boxen@7.0.0 want: ^7.0.0
206 silly placeDep node_modules/serve cli-boxes@3.0.0 OK for: boxen@7.0.0 want: ^3.0.0
207 silly placeDep node_modules/serve string-width@5.1.2 OK for: boxen@7.0.0 want: ^5.1.2
208 silly placeDep node_modules/serve type-fest@2.19.0 OK for: boxen@7.0.0 want: ^2.13.0
209 silly placeDep node_modules/serve widest-line@4.0.1 OK for: boxen@7.0.0 want: ^4.0.1
210 silly placeDep node_modules/serve wrap-ansi@8.1.0 OK for: boxen@7.0.0 want: ^8.0.1
211 silly fetch manifest string-width@^4.1.0
212 silly packumentCache full:https://registry.npmjs.org/string-width cache-hit
213 silly fetch manifest strip-ansi@^7.0.1
214 silly packumentCache full:https://registry.npmjs.org/strip-ansi cache-miss
215 silly fetch manifest emoji-regex@^9.2.2
216 silly packumentCache full:https://registry.npmjs.org/emoji-regex cache-miss
217 silly fetch manifest eastasianwidth@^0.2.0
218 silly packumentCache full:https://registry.npmjs.org/eastasianwidth cache-miss
219 silly fetch manifest strip-ansi@^7.0.1
220 silly packumentCache full:https://registry.npmjs.org/strip-ansi cache-miss
221 silly fetch manifest ansi-styles@^6.1.0
222 silly packumentCache full:https://registry.npmjs.org/ansi-styles cache-miss
223 http fetch GET 200 https://registry.npmjs.org/strip-ansi 516ms (cache revalidated)
224 silly packumentCache full:https://registry.npmjs.org/strip-ansi set size:41855 disposed:false
225 http fetch GET 200 https://registry.npmjs.org/strip-ansi 560ms (cache revalidated)
226 silly packumentCache full:https://registry.npmjs.org/strip-ansi set size:41855 disposed:false
227 silly packumentCache full:https://registry.npmjs.org/strip-ansi dispose
228 http fetch GET 200 https://registry.npmjs.org/emoji-regex 576ms (cache revalidated)
229 silly packumentCache full:https://registry.npmjs.org/emoji-regex set size:87013 disposed:false
230 http fetch GET 200 https://registry.npmjs.org/ansi-styles 593ms (cache revalidated)
231 silly packumentCache full:https://registry.npmjs.org/ansi-styles set size:63233 disposed:false
232 http fetch GET 200 https://registry.npmjs.org/eastasianwidth 602ms (cache revalidated)
233 silly packumentCache full:https://registry.npmjs.org/eastasianwidth set size:7890 disposed:false
234 silly placeDep node_modules/serve/node_modules/ansi-align string-width@4.2.3 OK for: ansi-align@3.0.1 want: ^4.1.0
235 silly fetch manifest strip-ansi@^6.0.1
236 silly packumentCache full:https://registry.npmjs.org/strip-ansi cache-hit
237 silly fetch manifest emoji-regex@^8.0.0
238 silly packumentCache full:https://registry.npmjs.org/emoji-regex cache-hit
239 silly fetch manifest is-fullwidth-code-point@^3.0.0
240 silly packumentCache full:https://registry.npmjs.org/is-fullwidth-code-point cache-miss
241 http fetch GET 200 https://registry.npmjs.org/is-fullwidth-code-point 179ms (cache revalidated)
242 silly packumentCache full:https://registry.npmjs.org/is-fullwidth-code-point set size:14578 disposed:false
243 silly placeDep node_modules/serve/node_modules/chalk-template chalk@4.1.2 OK for: chalk-template@0.4.0 want: ^4.1.2
244 silly fetch manifest ansi-styles@^4.1.0
245 silly packumentCache full:https://registry.npmjs.org/ansi-styles cache-hit
246 silly fetch manifest supports-color@^7.1.0
247 silly packumentCache full:https://registry.npmjs.org/supports-color cache-miss
248 http fetch GET 200 https://registry.npmjs.org/supports-color 131ms (cache revalidated)
249 silly packumentCache full:https://registry.npmjs.org/supports-color set size:118680 disposed:false
250 silly placeDep node_modules/serve arch@2.2.0 OK for: clipboardy@3.0.0 want: ^2.2.0
251 silly placeDep node_modules/serve execa@5.1.1 OK for: clipboardy@3.0.0 want: ^5.1.1
252 silly placeDep node_modules/serve is-wsl@2.2.0 OK for: clipboardy@3.0.0 want: ^2.2.0
253 silly fetch manifest onetime@^5.1.2
254 silly packumentCache full:https://registry.npmjs.org/onetime cache-miss
255 silly fetch manifest is-stream@^2.0.0
256 silly packumentCache full:https://registry.npmjs.org/is-stream cache-miss
257 silly fetch manifest get-stream@^6.0.0
258 silly packumentCache full:https://registry.npmjs.org/get-stream cache-miss
259 silly fetch manifest cross-spawn@^7.0.3
260 silly packumentCache full:https://registry.npmjs.org/cross-spawn cache-miss
261 silly fetch manifest signal-exit@^3.0.3
262 silly packumentCache full:https://registry.npmjs.org/signal-exit cache-miss
263 silly fetch manifest merge-stream@^2.0.0
264 silly packumentCache full:https://registry.npmjs.org/merge-stream cache-miss
265 silly fetch manifest npm-run-path@^4.0.1
266 silly packumentCache full:https://registry.npmjs.org/npm-run-path cache-miss
267 http fetch GET 200 https://registry.npmjs.org/onetime 113ms (cache revalidated)
268 silly packumentCache full:https://registry.npmjs.org/onetime set size:30525 disposed:false
269 silly fetch manifest human-signals@^2.1.0
270 silly packumentCache full:https://registry.npmjs.org/human-signals cache-miss
271 http fetch GET 200 https://registry.npmjs.org/is-stream 120ms (cache revalidated)
272 silly packumentCache full:https://registry.npmjs.org/is-stream set size:18582 disposed:false
273 silly fetch manifest strip-final-newline@^2.0.0
274 silly packumentCache full:https://registry.npmjs.org/strip-final-newline cache-miss
275 http fetch GET 200 https://registry.npmjs.org/cross-spawn 130ms (cache revalidated)
276 silly packumentCache full:https://registry.npmjs.org/cross-spawn set size:109066 disposed:false
277 silly fetch manifest is-docker@^2.0.0
278 silly packumentCache full:https://registry.npmjs.org/is-docker cache-miss
279 http fetch GET 200 https://registry.npmjs.org/merge-stream 161ms (cache revalidated)
280 silly packumentCache full:https://registry.npmjs.org/merge-stream set size:22168 disposed:false
281 http fetch GET 200 https://registry.npmjs.org/npm-run-path 164ms (cache revalidated)
282 silly packumentCache full:https://registry.npmjs.org/npm-run-path set size:33596 disposed:false
283 http fetch GET 200 https://registry.npmjs.org/get-stream 192ms (cache revalidated)
284 silly packumentCache full:https://registry.npmjs.org/get-stream set size:57536 disposed:false
285 http fetch GET 200 https://registry.npmjs.org/signal-exit 194ms (cache revalidated)
286 silly packumentCache full:https://registry.npmjs.org/signal-exit set size:53489 disposed:false
287 http fetch GET 200 https://registry.npmjs.org/strip-final-newline 140ms (cache revalidated)
288 silly packumentCache full:https://registry.npmjs.org/strip-final-newline set size:9328 disposed:false
289 http fetch GET 200 https://registry.npmjs.org/human-signals 154ms (cache revalidated)
290 silly packumentCache full:https://registry.npmjs.org/human-signals set size:47322 disposed:false
291 http fetch GET 200 https://registry.npmjs.org/is-docker 140ms (cache revalidated)
292 silly packumentCache full:https://registry.npmjs.org/is-docker set size:23690 disposed:false
293 silly placeDep node_modules/serve bytes@3.1.2 OK for: compression@1.8.1 want: 3.1.2
294 silly placeDep node_modules/serve compressible@2.0.18 OK for: compression@1.8.1 want: ~2.0.18
295 silly placeDep node_modules/serve debug@2.6.9 OK for: compression@1.8.1 want: 2.6.9
296 silly placeDep node_modules/serve negotiator@0.6.4 OK for: compression@1.8.1 want: ~0.6.4
297 silly placeDep node_modules/serve on-headers@1.1.0 OK for: compression@1.8.1 want: ~1.1.0
298 silly placeDep node_modules/serve safe-buffer@5.2.1 OK for: compression@1.8.1 want: 5.2.1
299 silly placeDep node_modules/serve vary@1.1.2 OK for: compression@1.8.1 want: ~1.1.2
300 silly fetch manifest mime-db@>= 1.43.0 < 2
301 silly packumentCache full:https://registry.npmjs.org/mime-db cache-miss
302 silly fetch manifest ms@2.0.0
303 silly packumentCache full:https://registry.npmjs.org/ms cache-miss
304 http fetch GET 200 https://registry.npmjs.org/mime-db 122ms (cache revalidated)
305 silly packumentCache full:https://registry.npmjs.org/mime-db set size:164953 disposed:false
306 http fetch GET 200 https://registry.npmjs.org/ms 137ms (cache revalidated)
307 silly packumentCache full:https://registry.npmjs.org/ms set size:92208 disposed:false
308 silly placeDep node_modules/serve mime-db@1.54.0 OK for: compressible@2.0.18 want: >= 1.43.0 < 2
309 silly placeDep node_modules/serve ms@2.0.0 OK for: debug@2.6.9 want: 2.0.0
310 silly placeDep node_modules/serve cross-spawn@7.0.6 OK for: execa@5.1.1 want: ^7.0.3
311 silly placeDep node_modules/serve get-stream@6.0.1 OK for: execa@5.1.1 want: ^6.0.0
312 silly placeDep node_modules/serve human-signals@2.1.0 OK for: execa@5.1.1 want: ^2.1.0
313 silly placeDep node_modules/serve is-stream@2.0.1 OK for: execa@5.1.1 want: ^2.0.0
314 silly placeDep node_modules/serve merge-stream@2.0.0 OK for: execa@5.1.1 want: ^2.0.0
315 silly placeDep node_modules/serve npm-run-path@4.0.1 OK for: execa@5.1.1 want: ^4.0.1
316 silly placeDep node_modules/serve onetime@5.1.2 OK for: execa@5.1.1 want: ^5.1.2
317 silly placeDep node_modules/serve signal-exit@3.0.7 OK for: execa@5.1.1 want: ^3.0.3
318 silly placeDep node_modules/serve strip-final-newline@2.0.0 OK for: execa@5.1.1 want: ^2.0.0
319 silly fetch manifest which@^2.0.1
320 silly packumentCache full:https://registry.npmjs.org/which cache-miss
321 silly fetch manifest path-key@^3.1.0
322 silly packumentCache full:https://registry.npmjs.org/path-key cache-miss
323 silly fetch manifest shebang-command@^2.0.0
324 silly packumentCache full:https://registry.npmjs.org/shebang-command cache-miss
325 silly fetch manifest path-key@^3.0.0
326 silly packumentCache full:https://registry.npmjs.org/path-key cache-miss
327 silly fetch manifest mimic-fn@^2.1.0
328 silly packumentCache full:https://registry.npmjs.org/mimic-fn cache-miss
329 http fetch GET 200 https://registry.npmjs.org/path-key 99ms (cache revalidated)
330 silly packumentCache full:https://registry.npmjs.org/path-key set size:16975 disposed:false
331 http fetch GET 200 https://registry.npmjs.org/mimic-fn 100ms (cache revalidated)
332 silly packumentCache full:https://registry.npmjs.org/mimic-fn set size:22257 disposed:false
333 http fetch GET 200 https://registry.npmjs.org/shebang-command 105ms (cache revalidated)
334 silly packumentCache full:https://registry.npmjs.org/shebang-command set size:8525 disposed:false
335 http fetch GET 200 https://registry.npmjs.org/which 122ms (cache revalidated)
336 silly packumentCache full:https://registry.npmjs.org/which set size:62722 disposed:false
337 http fetch GET 200 https://registry.npmjs.org/path-key 134ms (cache revalidated)
338 silly packumentCache full:https://registry.npmjs.org/path-key set size:16975 disposed:false
339 silly packumentCache full:https://registry.npmjs.org/path-key dispose
340 silly placeDep node_modules/serve path-key@3.1.1 OK for: cross-spawn@7.0.6 want: ^3.1.0
341 silly placeDep node_modules/serve shebang-command@2.0.0 OK for: cross-spawn@7.0.6 want: ^2.0.0
342 silly placeDep node_modules/serve which@2.0.2 OK for: cross-spawn@7.0.6 want: ^2.0.1
343 silly fetch manifest shebang-regex@^3.0.0
344 silly packumentCache full:https://registry.npmjs.org/shebang-regex cache-miss
345 silly fetch manifest isexe@^2.0.0
346 silly packumentCache full:https://registry.npmjs.org/isexe cache-miss
347 http fetch GET 200 https://registry.npmjs.org/shebang-regex 86ms (cache revalidated)
348 silly packumentCache full:https://registry.npmjs.org/shebang-regex set size:9763 disposed:false
349 http fetch GET 200 https://registry.npmjs.org/isexe 93ms (cache revalidated)
350 silly packumentCache full:https://registry.npmjs.org/isexe set size:19340 disposed:false
351 silly placeDep node_modules/serve is-docker@2.2.1 OK for: is-wsl@2.2.0 want: ^2.0.0
352 silly placeDep node_modules/serve mimic-fn@2.1.0 OK for: onetime@5.1.2 want: ^2.1.0
353 silly placeDep node_modules/serve/node_modules/serve-handler bytes@3.0.0 OK for: serve-handler@6.1.6 want: 3.0.0
354 silly placeDep node_modules/serve content-disposition@0.5.2 OK for: serve-handler@6.1.6 want: 0.5.2
355 silly placeDep node_modules/serve mime-types@2.1.18 OK for: serve-handler@6.1.6 want: 2.1.18
356 silly placeDep node_modules/serve minimatch@3.1.2 OK for: serve-handler@6.1.6 want: 3.1.2
357 silly placeDep node_modules/serve path-is-inside@1.0.2 OK for: serve-handler@6.1.6 want: 1.0.2
358 silly placeDep node_modules/serve path-to-regexp@3.3.0 OK for: serve-handler@6.1.6 want: 3.3.0
359 silly placeDep node_modules/serve range-parser@1.2.0 OK for: serve-handler@6.1.6 want: 1.2.0
360 silly fetch manifest mime-db@~1.33.0
361 silly packumentCache full:https://registry.npmjs.org/mime-db cache-hit
362 silly fetch manifest brace-expansion@^1.1.7
363 silly packumentCache full:https://registry.npmjs.org/brace-expansion cache-miss
364 http fetch GET 200 https://registry.npmjs.org/brace-expansion 186ms (cache revalidated)
365 silly packumentCache full:https://registry.npmjs.org/brace-expansion set size:46250 disposed:false
366 silly placeDep node_modules/serve/node_modules/mime-types mime-db@1.33.0 OK for: mime-types@2.1.18 want: ~1.33.0
367 silly placeDep node_modules/serve brace-expansion@1.1.12 OK for: minimatch@3.1.2 want: ^1.1.7
368 silly fetch manifest balanced-match@^1.0.0
369 silly packumentCache full:https://registry.npmjs.org/balanced-match cache-miss
370 silly fetch manifest concat-map@0.0.1
371 silly packumentCache full:https://registry.npmjs.org/concat-map cache-miss
372 http fetch GET 200 https://registry.npmjs.org/balanced-match 109ms (cache revalidated)
373 silly packumentCache full:https://registry.npmjs.org/balanced-match set size:33860 disposed:false
374 http fetch GET 200 https://registry.npmjs.org/concat-map 114ms (cache revalidated)
375 silly packumentCache full:https://registry.npmjs.org/concat-map set size:9290 disposed:false
376 silly placeDep node_modules/serve balanced-match@1.0.2 OK for: brace-expansion@1.1.12 want: ^1.0.0
377 silly placeDep node_modules/serve concat-map@0.0.1 OK for: brace-expansion@1.1.12 want: 0.0.1
378 silly placeDep node_modules/serve shebang-regex@3.0.0 OK for: shebang-command@2.0.0 want: ^3.0.0
379 silly placeDep node_modules/serve eastasianwidth@0.2.0 OK for: string-width@5.1.2 want: ^0.2.0
380 silly placeDep node_modules/serve emoji-regex@9.2.2 OK for: string-width@5.1.2 want: ^9.2.2
381 silly placeDep node_modules/serve strip-ansi@7.1.2 OK for: string-width@5.1.2 want: ^7.0.1
382 silly fetch manifest ansi-regex@^6.0.1
383 silly packumentCache full:https://registry.npmjs.org/ansi-regex cache-miss
384 http fetch GET 200 https://registry.npmjs.org/ansi-regex 87ms (cache revalidated)
385 silly packumentCache full:https://registry.npmjs.org/ansi-regex set size:43572 disposed:false
386 silly placeDep node_modules/serve ansi-regex@6.2.2 OK for: strip-ansi@7.1.2 want: ^6.0.1
387 silly placeDep node_modules/serve registry-auth-token@3.3.2 OK for: update-check@1.5.4 want: 3.3.2
388 silly placeDep node_modules/serve registry-url@3.1.0 OK for: update-check@1.5.4 want: 3.1.0
389 silly fetch manifest rc@^1.1.6
390 silly packumentCache full:https://registry.npmjs.org/rc cache-miss
391 silly fetch manifest rc@^1.0.1
392 silly packumentCache full:https://registry.npmjs.org/rc cache-miss
393 http fetch GET 200 https://registry.npmjs.org/rc 98ms (cache revalidated)
394 silly packumentCache full:https://registry.npmjs.org/rc set size:70417 disposed:false
395 http fetch GET 200 https://registry.npmjs.org/rc 124ms (cache revalidated)
396 silly packumentCache full:https://registry.npmjs.org/rc set size:70417 disposed:false
397 silly packumentCache full:https://registry.npmjs.org/rc dispose
398 silly placeDep node_modules/serve rc@1.2.8 OK for: registry-auth-token@3.3.2 want: ^1.1.6
399 silly fetch manifest ini@~1.3.0
400 silly packumentCache full:https://registry.npmjs.org/ini cache-miss
401 silly fetch manifest minimist@^1.2.0
402 silly packumentCache full:https://registry.npmjs.org/minimist cache-miss
403 silly fetch manifest deep-extend@^0.6.0
404 silly packumentCache full:https://registry.npmjs.org/deep-extend cache-miss
405 silly fetch manifest strip-json-comments@~2.0.1
406 silly packumentCache full:https://registry.npmjs.org/strip-json-comments cache-miss
407 http fetch GET 200 https://registry.npmjs.org/strip-json-comments 178ms (cache revalidated)
408 silly packumentCache full:https://registry.npmjs.org/strip-json-comments set size:43569 disposed:false
409 http fetch GET 200 https://registry.npmjs.org/ini 188ms (cache revalidated)
410 silly packumentCache full:https://registry.npmjs.org/ini set size:54653 disposed:false
411 http fetch GET 200 https://registry.npmjs.org/deep-extend 241ms (cache revalidated)
412 silly packumentCache full:https://registry.npmjs.org/deep-extend set size:34472 disposed:false
413 http fetch GET 200 https://registry.npmjs.org/minimist 251ms (cache revalidated)
414 silly packumentCache full:https://registry.npmjs.org/minimist set size:77097 disposed:false
415 silly placeDep node_modules/serve deep-extend@0.6.0 OK for: rc@1.2.8 want: ^0.6.0
416 silly placeDep node_modules/serve ini@1.3.8 OK for: rc@1.2.8 want: ~1.3.0
417 silly placeDep node_modules/serve minimist@1.2.8 OK for: rc@1.2.8 want: ^1.2.0
418 silly placeDep node_modules/serve strip-json-comments@2.0.1 OK for: rc@1.2.8 want: ~2.0.1
419 silly placeDep node_modules/serve punycode@2.3.1 OK for: uri-js@4.4.1 want: ^2.1.0
420 silly placeDep node_modules/serve isexe@2.0.0 OK for: which@2.0.2 want: ^2.0.0
421 silly placeDep node_modules/serve ansi-styles@6.2.3 OK for: wrap-ansi@8.1.0 want: ^6.1.0
422 silly placeDep node_modules/serve/node_modules/ansi-align emoji-regex@8.0.0 OK for: string-width@4.2.3 want: ^8.0.0
423 silly placeDep node_modules/serve is-fullwidth-code-point@3.0.0 OK for: string-width@4.2.3 want: ^3.0.0
424 silly placeDep node_modules/serve/node_modules/ansi-align strip-ansi@6.0.1 OK for: string-width@4.2.3 want: ^6.0.1
425 silly fetch manifest ansi-regex@^5.0.1
426 silly packumentCache full:https://registry.npmjs.org/ansi-regex cache-hit
427 silly placeDep node_modules/serve/node_modules/ansi-align ansi-regex@5.0.1 OK for: strip-ansi@6.0.1 want: ^5.0.1
428 silly placeDep node_modules/serve/node_modules/chalk-template ansi-styles@4.3.0 OK for: chalk@4.1.2 want: ^4.1.0
429 silly placeDep node_modules/serve supports-color@7.2.0 OK for: chalk@4.1.2 want: ^7.1.0
430 silly fetch manifest color-convert@^2.0.1
431 silly packumentCache full:https://registry.npmjs.org/color-convert cache-miss
432 silly fetch manifest has-flag@^4.0.0
433 silly packumentCache full:https://registry.npmjs.org/has-flag cache-miss
434 http fetch GET 200 https://registry.npmjs.org/has-flag 85ms (cache revalidated)
435 silly packumentCache full:https://registry.npmjs.org/has-flag set size:15180 disposed:false
436 http fetch GET 200 https://registry.npmjs.org/color-convert 102ms (cache revalidated)
437 silly packumentCache full:https://registry.npmjs.org/color-convert set size:70744 disposed:false
438 silly placeDep node_modules/serve has-flag@4.0.0 OK for: supports-color@7.2.0 want: ^4.0.0
439 silly placeDep node_modules/serve color-convert@2.0.1 OK for: ansi-styles@4.3.0 want: ^2.0.1
440 silly fetch manifest color-name@~1.1.4
441 silly packumentCache full:https://registry.npmjs.org/color-name cache-miss
442 http fetch GET 200 https://registry.npmjs.org/color-name 82ms (cache revalidated)
443 silly packumentCache full:https://registry.npmjs.org/color-name set size:17921 disposed:false
444 silly placeDep node_modules/serve color-name@1.1.4 OK for: color-convert@2.0.1 want: ~1.1.4
445 silly reify mark retired [
445 silly reify   '/data/data/com.termux/files/usr/lib/node_modules/serve',
445 silly reify   '/data/data/com.termux/files/usr/bin/serve'
445 silly reify ]
446 silly reify moves {
446 silly reify   '/data/data/com.termux/files/usr/lib/node_modules/serve': '/data/data/com.termux/files/usr/lib/node_modules/.serve-HEIZMPwZ',
446 silly reify   '/data/data/com.termux/files/usr/bin/serve': '/data/data/com.termux/files/usr/bin/.serve-vtrRfR2x'
446 silly reify }
447 http cache serve@https://registry.npmjs.org/serve/-/serve-14.2.5.tgz 0ms (cache hit)
448 http cache @zeit/schemas@https://registry.npmjs.org/@zeit/schemas/-/schemas-2.36.0.tgz 0ms (cache hit)
449 http cache vary@https://registry.npmjs.org/vary/-/vary-1.1.2.tgz 0ms (cache hit)
450 http cache wrap-ansi@https://registry.npmjs.org/wrap-ansi/-/wrap-ansi-8.1.0.tgz 0ms (cache hit)
451 http cache uri-js@https://registry.npmjs.org/uri-js/-/uri-js-4.4.1.tgz 0ms (cache hit)
452 http cache widest-line@https://registry.npmjs.org/widest-line/-/widest-line-4.0.1.tgz 0ms (cache hit)
453 http cache strip-json-comments@https://registry.npmjs.org/strip-json-comments/-/strip-json-comments-2.0.1.tgz 0ms (cache hit)
454 http cache which@https://registry.npmjs.org/which/-/which-2.0.2.tgz 0ms (cache hit)
455 http cache strip-ansi@https://registry.npmjs.org/strip-ansi/-/strip-ansi-7.1.2.tgz 0ms (cache hit)
456 http cache strip-final-newline@https://registry.npmjs.org/strip-final-newline/-/strip-final-newline-2.0.0.tgz 0ms (cache hit)
457 http cache signal-exit@https://registry.npmjs.org/signal-exit/-/signal-exit-3.0.7.tgz 0ms (cache hit)
458 http cache shebang-regex@https://registry.npmjs.org/shebang-regex/-/shebang-regex-3.0.0.tgz 0ms (cache hit)
459 http cache supports-color@https://registry.npmjs.org/supports-color/-/supports-color-7.2.0.tgz 0ms (cache hit)
460 http cache type-fest@https://registry.npmjs.org/type-fest/-/type-fest-2.19.0.tgz 0ms (cache hit)
461 http cache update-check@https://registry.npmjs.org/update-check/-/update-check-1.5.4.tgz 0ms (cache hit)
462 http cache string-width@https://registry.npmjs.org/string-width/-/string-width-5.1.2.tgz 0ms (cache hit)
463 http cache safe-buffer@https://registry.npmjs.org/safe-buffer/-/safe-buffer-5.2.1.tgz 0ms (cache hit)
464 http cache shebang-command@https://registry.npmjs.org/shebang-command/-/shebang-command-2.0.0.tgz 0ms (cache hit)
465 http cache serve-handler@https://registry.npmjs.org/serve-handler/-/serve-handler-6.1.6.tgz 0ms (cache hit)
466 http cache range-parser@https://registry.npmjs.org/range-parser/-/range-parser-1.2.0.tgz 0ms (cache hit)
467 http cache bytes@https://registry.npmjs.org/bytes/-/bytes-3.0.0.tgz 0ms (cache hit)
468 http cache require-from-string@https://registry.npmjs.org/require-from-string/-/require-from-string-2.0.2.tgz 0ms (cache hit)
469 http cache registry-url@https://registry.npmjs.org/registry-url/-/registry-url-3.1.0.tgz 0ms (cache hit)
470 http cache on-headers@https://registry.npmjs.org/on-headers/-/on-headers-1.1.0.tgz 0ms (cache hit)
471 http cache rc@https://registry.npmjs.org/rc/-/rc-1.2.8.tgz 0ms (cache hit)
472 http cache registry-auth-token@https://registry.npmjs.org/registry-auth-token/-/registry-auth-token-3.3.2.tgz 0ms (cache hit)
473 http cache punycode@https://registry.npmjs.org/punycode/-/punycode-2.3.1.tgz 0ms (cache hit)
474 http cache path-key@https://registry.npmjs.org/path-key/-/path-key-3.1.1.tgz 0ms (cache hit)
475 http cache onetime@https://registry.npmjs.org/onetime/-/onetime-5.1.2.tgz 0ms (cache hit)
476 http cache ms@https://registry.npmjs.org/ms/-/ms-2.0.0.tgz 0ms (cache hit)
477 http cache json-schema-traverse@https://registry.npmjs.org/json-schema-traverse/-/json-schema-traverse-1.0.0.tgz 0ms (cache hit)
478 http cache path-to-regexp@https://registry.npmjs.org/path-to-regexp/-/path-to-regexp-3.3.0.tgz 0ms (cache hit)
479 http cache npm-run-path@https://registry.npmjs.org/npm-run-path/-/npm-run-path-4.0.1.tgz 0ms (cache hit)
480 http cache mime-types@https://registry.npmjs.org/mime-types/-/mime-types-2.1.18.tgz 0ms (cache hit)
481 http cache path-is-inside@https://registry.npmjs.org/path-is-inside/-/path-is-inside-1.0.2.tgz 0ms (cache hit)
482 http cache mime-db@https://registry.npmjs.org/mime-db/-/mime-db-1.33.0.tgz 0ms (cache hit)
483 http cache negotiator@https://registry.npmjs.org/negotiator/-/negotiator-0.6.4.tgz 0ms (cache hit)
484 http cache mime-db@https://registry.npmjs.org/mime-db/-/mime-db-1.54.0.tgz 0ms (cache hit)
485 http cache is-stream@https://registry.npmjs.org/is-stream/-/is-stream-2.0.1.tgz 0ms (cache hit)
486 http cache minimatch@https://registry.npmjs.org/minimatch/-/minimatch-3.1.2.tgz 0ms (cache hit)
487 http cache minimist@https://registry.npmjs.org/minimist/-/minimist-1.2.8.tgz 0ms (cache hit)
488 http cache is-fullwidth-code-point@https://registry.npmjs.org/is-fullwidth-code-point/-/is-fullwidth-code-point-3.0.0.tgz 0ms (cache hit)
489 http cache human-signals@https://registry.npmjs.org/human-signals/-/human-signals-2.1.0.tgz 0ms (cache hit)
490 http cache isexe@https://registry.npmjs.org/isexe/-/isexe-2.0.0.tgz 0ms (cache hit)
491 http cache merge-stream@https://registry.npmjs.org/merge-stream/-/merge-stream-2.0.0.tgz 0ms (cache hit)
492 http cache get-stream@https://registry.npmjs.org/get-stream/-/get-stream-6.0.1.tgz 0ms (cache hit)
493 http cache mimic-fn@https://registry.npmjs.org/mimic-fn/-/mimic-fn-2.1.0.tgz 0ms (cache hit)
494 http cache ini@https://registry.npmjs.org/ini/-/ini-1.3.8.tgz 0ms (cache hit)
495 http cache is-docker@https://registry.npmjs.org/is-docker/-/is-docker-2.2.1.tgz 0ms (cache hit)
496 http cache emoji-regex@https://registry.npmjs.org/emoji-regex/-/emoji-regex-9.2.2.tgz 0ms (cache hit)
497 http cache is-wsl@https://registry.npmjs.org/is-wsl/-/is-wsl-2.2.0.tgz 0ms (cache hit)
498 http cache compressible@https://registry.npmjs.org/compressible/-/compressible-2.0.18.tgz 0ms (cache hit)
499 http cache is-port-reachable@https://registry.npmjs.org/is-port-reachable/-/is-port-reachable-4.0.0.tgz 0ms (cache hit)
500 http cache has-flag@https://registry.npmjs.org/has-flag/-/has-flag-4.0.0.tgz 0ms (cache hit)
501 http cache fast-deep-equal@https://registry.npmjs.org/fast-deep-equal/-/fast-deep-equal-3.1.3.tgz 0ms (cache hit)
502 http cache execa@https://registry.npmjs.org/execa/-/execa-5.1.1.tgz 0ms (cache hit)
503 http cache eastasianwidth@https://registry.npmjs.org/eastasianwidth/-/eastasianwidth-0.2.0.tgz 0ms (cache hit)
504 http cache debug@https://registry.npmjs.org/debug/-/debug-2.6.9.tgz 0ms (cache hit)
505 http cache content-disposition@https://registry.npmjs.org/content-disposition/-/content-disposition-0.5.2.tgz 0ms (cache hit)
506 http cache deep-extend@https://registry.npmjs.org/deep-extend/-/deep-extend-0.6.0.tgz 0ms (cache hit)
507 http cache compression@https://registry.npmjs.org/compression/-/compression-1.8.1.tgz 0ms (cache hit)
508 http cache color-convert@https://registry.npmjs.org/color-convert/-/color-convert-2.0.1.tgz 0ms (cache hit)
509 http cache concat-map@https://registry.npmjs.org/concat-map/-/concat-map-0.0.1.tgz 0ms (cache hit)
510 http cache color-name@https://registry.npmjs.org/color-name/-/color-name-1.1.4.tgz 0ms (cache hit)
511 http cache cross-spawn@https://registry.npmjs.org/cross-spawn/-/cross-spawn-7.0.6.tgz 0ms (cache hit)
512 http cache clipboardy@https://registry.npmjs.org/clipboardy/-/clipboardy-3.0.0.tgz 0ms (cache hit)
513 http cache camelcase@https://registry.npmjs.org/camelcase/-/camelcase-7.0.1.tgz 0ms (cache hit)
514 http cache chalk@https://registry.npmjs.org/chalk/-/chalk-5.0.1.tgz 0ms (cache hit)
515 http cache boxen@https://registry.npmjs.org/boxen/-/boxen-7.0.0.tgz 0ms (cache hit)
516 http cache brace-expansion@https://registry.npmjs.org/brace-expansion/-/brace-expansion-1.1.12.tgz 0ms (cache hit)
517 http cache arg@https://registry.npmjs.org/arg/-/arg-5.0.2.tgz 0ms (cache hit)
518 http cache cli-boxes@https://registry.npmjs.org/cli-boxes/-/cli-boxes-3.0.0.tgz 0ms (cache hit)
519 http cache chalk-template@https://registry.npmjs.org/chalk-template/-/chalk-template-0.4.0.tgz 0ms (cache hit)
520 http cache ansi-styles@https://registry.npmjs.org/ansi-styles/-/ansi-styles-4.3.0.tgz 0ms (cache hit)
521 http cache ajv@https://registry.npmjs.org/ajv/-/ajv-8.12.0.tgz 0ms (cache hit)
522 http cache bytes@https://registry.npmjs.org/bytes/-/bytes-3.1.2.tgz 0ms (cache hit)
523 http cache balanced-match@https://registry.npmjs.org/balanced-match/-/balanced-match-1.0.2.tgz 0ms (cache hit)
524 http cache arch@https://registry.npmjs.org/arch/-/arch-2.2.0.tgz 0ms (cache hit)
525 http cache chalk@https://registry.npmjs.org/chalk/-/chalk-4.1.2.tgz 0ms (cache hit)
526 http cache ansi-styles@https://registry.npmjs.org/ansi-styles/-/ansi-styles-6.2.3.tgz 0ms (cache hit)
527 http cache ansi-regex@https://registry.npmjs.org/ansi-regex/-/ansi-regex-5.0.1.tgz 0ms (cache hit)
528 http cache ansi-regex@https://registry.npmjs.org/ansi-regex/-/ansi-regex-6.2.2.tgz 0ms (cache hit)
529 http cache strip-ansi@https://registry.npmjs.org/strip-ansi/-/strip-ansi-6.0.1.tgz 0ms (cache hit)
530 http cache string-width@https://registry.npmjs.org/string-width/-/string-width-4.2.3.tgz 0ms (cache hit)
531 http cache ansi-align@https://registry.npmjs.org/ansi-align/-/ansi-align-3.0.1.tgz 0ms (cache hit)
532 http cache emoji-regex@https://registry.npmjs.org/emoji-regex/-/emoji-regex-8.0.0.tgz 0ms (cache hit)
533 silly CHANGE node_modules/serve
534 silly CHANGE node_modules/serve/node_modules/@zeit/schemas
535 silly CHANGE node_modules/serve/node_modules/vary
536 silly CHANGE node_modules/serve/node_modules/wrap-ansi
537 silly CHANGE node_modules/serve/node_modules/uri-js
538 silly CHANGE node_modules/serve/node_modules/widest-line
539 silly CHANGE node_modules/serve/node_modules/strip-json-comments
540 silly CHANGE node_modules/serve/node_modules/update-check
541 silly CHANGE node_modules/serve/node_modules/supports-color
542 silly CHANGE node_modules/serve/node_modules/which
543 silly CHANGE node_modules/serve/node_modules/strip-ansi
544 silly CHANGE node_modules/serve/node_modules/strip-final-newline
545 silly CHANGE node_modules/serve/node_modules/signal-exit
546 silly CHANGE node_modules/serve/node_modules/shebang-regex
547 silly CHANGE node_modules/serve/node_modules/type-fest
548 silly CHANGE node_modules/serve/node_modules/serve-handler
549 silly CHANGE node_modules/serve/node_modules/serve-handler/node_modules/bytes
550 silly CHANGE node_modules/serve/node_modules/string-width
551 silly CHANGE node_modules/serve/node_modules/safe-buffer
552 silly CHANGE node_modules/serve/node_modules/shebang-command
553 silly CHANGE node_modules/serve/node_modules/range-parser
554 silly CHANGE node_modules/serve/node_modules/registry-auth-token
555 silly CHANGE node_modules/serve/node_modules/require-from-string
556 silly CHANGE node_modules/serve/node_modules/path-key
557 silly CHANGE node_modules/serve/node_modules/registry-url
558 silly CHANGE node_modules/serve/node_modules/on-headers
559 silly CHANGE node_modules/serve/node_modules/rc
560 silly CHANGE node_modules/serve/node_modules/path-to-regexp
561 silly CHANGE node_modules/serve/node_modules/punycode
562 silly CHANGE node_modules/serve/node_modules/onetime
563 silly CHANGE node_modules/serve/node_modules/path-is-inside
564 silly CHANGE node_modules/serve/node_modules/ms
565 silly CHANGE node_modules/serve/node_modules/json-schema-traverse
566 silly CHANGE node_modules/serve/node_modules/npm-run-path
567 silly CHANGE node_modules/serve/node_modules/mime-db
568 silly CHANGE node_modules/serve/node_modules/mime-types
569 silly CHANGE node_modules/serve/node_modules/mime-types/node_modules/mime-db
570 silly CHANGE node_modules/serve/node_modules/minimist
571 silly CHANGE node_modules/serve/node_modules/negotiator
572 silly CHANGE node_modules/serve/node_modules/is-stream
573 silly CHANGE node_modules/serve/node_modules/merge-stream
574 silly CHANGE node_modules/serve/node_modules/minimatch
575 silly CHANGE node_modules/serve/node_modules/is-fullwidth-code-point
576 silly CHANGE node_modules/serve/node_modules/mimic-fn
577 silly CHANGE node_modules/serve/node_modules/human-signals
578 silly CHANGE node_modules/serve/node_modules/isexe
579 silly CHANGE node_modules/serve/node_modules/is-wsl
580 silly CHANGE node_modules/serve/node_modules/get-stream
581 silly CHANGE node_modules/serve/node_modules/is-port-reachable
582 silly CHANGE node_modules/serve/node_modules/ini
583 silly CHANGE node_modules/serve/node_modules/is-docker
584 silly CHANGE node_modules/serve/node_modules/emoji-regex
585 silly CHANGE node_modules/serve/node_modules/compressible
586 silly CHANGE node_modules/serve/node_modules/execa
587 silly CHANGE node_modules/serve/node_modules/has-flag
588 silly CHANGE node_modules/serve/node_modules/content-disposition
589 silly CHANGE node_modules/serve/node_modules/eastasianwidth
590 silly CHANGE node_modules/serve/node_modules/fast-deep-equal
591 silly CHANGE node_modules/serve/node_modules/concat-map
592 silly CHANGE node_modules/serve/node_modules/debug
593 silly CHANGE node_modules/serve/node_modules/deep-extend
594 silly CHANGE node_modules/serve/node_modules/cross-spawn
595 silly CHANGE node_modules/serve/node_modules/compression
596 silly CHANGE node_modules/serve/node_modules/color-convert
597 silly CHANGE node_modules/serve/node_modules/color-name
598 silly CHANGE node_modules/serve/node_modules/boxen
599 silly CHANGE node_modules/serve/node_modules/clipboardy
600 silly CHANGE node_modules/serve/node_modules/cli-boxes
601 silly CHANGE node_modules/serve/node_modules/camelcase
602 silly CHANGE node_modules/serve/node_modules/chalk
603 silly CHANGE node_modules/serve/node_modules/brace-expansion
604 silly CHANGE node_modules/serve/node_modules/bytes
605 silly CHANGE node_modules/serve/node_modules/arg
606 silly CHANGE node_modules/serve/node_modules/chalk-template
607 silly CHANGE node_modules/serve/node_modules/chalk-template/node_modules/chalk
608 silly CHANGE node_modules/serve/node_modules/chalk-template/node_modules/ansi-styles
609 silly CHANGE node_modules/serve/node_modules/ajv
610 silly CHANGE node_modules/serve/node_modules/balanced-match
611 silly CHANGE node_modules/serve/node_modules/ansi-regex
612 silly CHANGE node_modules/serve/node_modules/arch
613 silly CHANGE node_modules/serve/node_modules/ansi-styles
614 silly CHANGE node_modules/serve/node_modules/ansi-align
615 silly CHANGE node_modules/serve/node_modules/ansi-align/node_modules/ansi-regex
616 silly CHANGE node_modules/serve/node_modules/ansi-align/node_modules/strip-ansi
617 silly CHANGE node_modules/serve/node_modules/ansi-align/node_modules/emoji-regex
618 silly CHANGE node_modules/serve/node_modules/ansi-align/node_modules/string-width
619 verbose cwd /data/data/com.termux/files/home/shaggy-digital-mind
620 verbose os Linux 4.14.186+
621 verbose node v24.7.0
622 verbose npm  v11.5.1
623 verbose exit 0
624 info ok
